<?xml version="1.0" encoding="UTF-8"?>
<testsuite xmlns:xsi="http://www.w3.org/2001/XMLSchema-instance" xsi:noNamespaceSchemaLocation="https://maven.apache.org/surefire/maven-surefire-plugin/xsd/surefire-test-report-3.0.xsd" version="3.0" name="com.assesment.employwise_api.EmploywiseApiApplicationTests" time="1.704" tests="1" errors="0" skipped="0" failures="0">
  <properties>
    <property name="java.specification.version" value="17"/>
    <property name="sun.jnu.encoding" value="UTF-8"/>
    <property name="java.class.path" value="/Users/mradulsingh/IdeaProjects/Employwise_API/target/test-classes:/Users/mradulsingh/IdeaProjects/Employwise_API/target/classes:/Users/mradulsingh/.m2/repository/org/springframework/boot/spring-boot-starter-data-mongodb/3.2.1/spring-boot-starter-data-mongodb-3.2.1.jar:/Users/mradulsingh/.m2/repository/org/springframework/boot/spring-boot-starter/3.2.1/spring-boot-starter-3.2.1.jar:/Users/mradulsingh/.m2/repository/org/springframework/boot/spring-boot/3.2.1/spring-boot-3.2.1.jar:/Users/mradulsingh/.m2/repository/org/springframework/boot/spring-boot-autoconfigure/3.2.1/spring-boot-autoconfigure-3.2.1.jar:/Users/mradulsingh/.m2/repository/org/springframework/boot/spring-boot-starter-logging/3.2.1/spring-boot-starter-logging-3.2.1.jar:/Users/mradulsingh/.m2/repository/ch/qos/logback/logback-classic/1.4.14/logback-classic-1.4.14.jar:/Users/mradulsingh/.m2/repository/ch/qos/logback/logback-core/1.4.14/logback-core-1.4.14.jar:/Users/mradulsingh/.m2/repository/org/apache/logging/log4j/log4j-to-slf4j/2.21.1/log4j-to-slf4j-2.21.1.jar:/Users/mradulsingh/.m2/repository/org/apache/logging/log4j/log4j-api/2.21.1/log4j-api-2.21.1.jar:/Users/mradulsingh/.m2/repository/org/slf4j/jul-to-slf4j/2.0.9/jul-to-slf4j-2.0.9.jar:/Users/mradulsingh/.m2/repository/jakarta/annotation/jakarta.annotation-api/2.1.1/jakarta.annotation-api-2.1.1.jar:/Users/mradulsingh/.m2/repository/org/yaml/snakeyaml/2.2/snakeyaml-2.2.jar:/Users/mradulsingh/.m2/repository/org/mongodb/mongodb-driver-sync/4.11.1/mongodb-driver-sync-4.11.1.jar:/Users/mradulsingh/.m2/repository/org/mongodb/bson/4.11.1/bson-4.11.1.jar:/Users/mradulsingh/.m2/repository/org/mongodb/mongodb-driver-core/4.11.1/mongodb-driver-core-4.11.1.jar:/Users/mradulsingh/.m2/repository/org/mongodb/bson-record-codec/4.11.1/bson-record-codec-4.11.1.jar:/Users/mradulsingh/.m2/repository/org/springframework/data/spring-data-mongodb/4.2.1/spring-data-mongodb-4.2.1.jar:/Users/mradulsingh/.m2/repository/org/springframework/spring-tx/6.1.2/spring-tx-6.1.2.jar:/Users/mradulsingh/.m2/repository/org/springframework/spring-context/6.1.2/spring-context-6.1.2.jar:/Users/mradulsingh/.m2/repository/org/springframework/spring-beans/6.1.2/spring-beans-6.1.2.jar:/Users/mradulsingh/.m2/repository/org/springframework/spring-expression/6.1.2/spring-expression-6.1.2.jar:/Users/mradulsingh/.m2/repository/org/springframework/data/spring-data-commons/3.2.1/spring-data-commons-3.2.1.jar:/Users/mradulsingh/.m2/repository/org/slf4j/slf4j-api/2.0.9/slf4j-api-2.0.9.jar:/Users/mradulsingh/.m2/repository/org/springframework/boot/spring-boot-starter-mail/3.2.1/spring-boot-starter-mail-3.2.1.jar:/Users/mradulsingh/.m2/repository/org/springframework/spring-context-support/6.1.2/spring-context-support-6.1.2.jar:/Users/mradulsingh/.m2/repository/org/eclipse/angus/jakarta.mail/2.0.2/jakarta.mail-2.0.2.jar:/Users/mradulsingh/.m2/repository/jakarta/activation/jakarta.activation-api/2.1.2/jakarta.activation-api-2.1.2.jar:/Users/mradulsingh/.m2/repository/org/eclipse/angus/angus-activation/2.0.1/angus-activation-2.0.1.jar:/Users/mradulsingh/.m2/repository/org/springframework/boot/spring-boot-starter-web/3.2.1/spring-boot-starter-web-3.2.1.jar:/Users/mradulsingh/.m2/repository/org/springframework/boot/spring-boot-starter-json/3.2.1/spring-boot-starter-json-3.2.1.jar:/Users/mradulsingh/.m2/repository/com/fasterxml/jackson/core/jackson-databind/2.15.3/jackson-databind-2.15.3.jar:/Users/mradulsingh/.m2/repository/com/fasterxml/jackson/core/jackson-annotations/2.15.3/jackson-annotations-2.15.3.jar:/Users/mradulsingh/.m2/repository/com/fasterxml/jackson/core/jackson-core/2.15.3/jackson-core-2.15.3.jar:/Users/mradulsingh/.m2/repository/com/fasterxml/jackson/datatype/jackson-datatype-jdk8/2.15.3/jackson-datatype-jdk8-2.15.3.jar:/Users/mradulsingh/.m2/repository/com/fasterxml/jackson/datatype/jackson-datatype-jsr310/2.15.3/jackson-datatype-jsr310-2.15.3.jar:/Users/mradulsingh/.m2/repository/com/fasterxml/jackson/module/jackson-module-parameter-names/2.15.3/jackson-module-parameter-names-2.15.3.jar:/Users/mradulsingh/.m2/repository/org/springframework/boot/spring-boot-starter-tomcat/3.2.1/spring-boot-starter-tomcat-3.2.1.jar:/Users/mradulsingh/.m2/repository/org/apache/tomcat/embed/tomcat-embed-core/10.1.17/tomcat-embed-core-10.1.17.jar:/Users/mradulsingh/.m2/repository/org/apache/tomcat/embed/tomcat-embed-el/10.1.17/tomcat-embed-el-10.1.17.jar:/Users/mradulsingh/.m2/repository/org/apache/tomcat/embed/tomcat-embed-websocket/10.1.17/tomcat-embed-websocket-10.1.17.jar:/Users/mradulsingh/.m2/repository/org/springframework/spring-web/6.1.2/spring-web-6.1.2.jar:/Users/mradulsingh/.m2/repository/io/micrometer/micrometer-observation/1.12.1/micrometer-observation-1.12.1.jar:/Users/mradulsingh/.m2/repository/io/micrometer/micrometer-commons/1.12.1/micrometer-commons-1.12.1.jar:/Users/mradulsingh/.m2/repository/org/springframework/spring-webmvc/6.1.2/spring-webmvc-6.1.2.jar:/Users/mradulsingh/.m2/repository/org/springframework/spring-aop/6.1.2/spring-aop-6.1.2.jar:/Users/mradulsingh/.m2/repository/org/hibernate/hibernate-validator/5.2.5.Final/hibernate-validator-5.2.5.Final.jar:/Users/mradulsingh/.m2/repository/javax/validation/validation-api/1.1.0.Final/validation-api-1.1.0.Final.jar:/Users/mradulsingh/.m2/repository/org/jboss/logging/jboss-logging/3.5.3.Final/jboss-logging-3.5.3.Final.jar:/Users/mradulsingh/.m2/repository/com/fasterxml/classmate/1.6.0/classmate-1.6.0.jar:/Users/mradulsingh/.m2/repository/jakarta/validation/jakarta.validation-api/3.0.0/jakarta.validation-api-3.0.0.jar:/Users/mradulsingh/.m2/repository/org/projectlombok/lombok/1.18.30/lombok-1.18.30.jar:/Users/mradulsingh/.m2/repository/org/springframework/boot/spring-boot-starter-test/3.2.1/spring-boot-starter-test-3.2.1.jar:/Users/mradulsingh/.m2/repository/org/springframework/boot/spring-boot-test/3.2.1/spring-boot-test-3.2.1.jar:/Users/mradulsingh/.m2/repository/org/springframework/boot/spring-boot-test-autoconfigure/3.2.1/spring-boot-test-autoconfigure-3.2.1.jar:/Users/mradulsingh/.m2/repository/com/jayway/jsonpath/json-path/2.8.0/json-path-2.8.0.jar:/Users/mradulsingh/.m2/repository/jakarta/xml/bind/jakarta.xml.bind-api/4.0.1/jakarta.xml.bind-api-4.0.1.jar:/Users/mradulsingh/.m2/repository/net/minidev/json-smart/2.5.0/json-smart-2.5.0.jar:/Users/mradulsingh/.m2/repository/net/minidev/accessors-smart/2.5.0/accessors-smart-2.5.0.jar:/Users/mradulsingh/.m2/repository/org/ow2/asm/asm/9.3/asm-9.3.jar:/Users/mradulsingh/.m2/repository/org/assertj/assertj-core/3.24.2/assertj-core-3.24.2.jar:/Users/mradulsingh/.m2/repository/net/bytebuddy/byte-buddy/1.14.10/byte-buddy-1.14.10.jar:/Users/mradulsingh/.m2/repository/org/awaitility/awaitility/4.2.0/awaitility-4.2.0.jar:/Users/mradulsingh/.m2/repository/org/hamcrest/hamcrest/2.2/hamcrest-2.2.jar:/Users/mradulsingh/.m2/repository/org/junit/jupiter/junit-jupiter/5.10.1/junit-jupiter-5.10.1.jar:/Users/mradulsingh/.m2/repository/org/junit/jupiter/junit-jupiter-api/5.10.1/junit-jupiter-api-5.10.1.jar:/Users/mradulsingh/.m2/repository/org/opentest4j/opentest4j/1.3.0/opentest4j-1.3.0.jar:/Users/mradulsingh/.m2/repository/org/junit/platform/junit-platform-commons/1.10.1/junit-platform-commons-1.10.1.jar:/Users/mradulsingh/.m2/repository/org/apiguardian/apiguardian-api/1.1.2/apiguardian-api-1.1.2.jar:/Users/mradulsingh/.m2/repository/org/junit/jupiter/junit-jupiter-params/5.10.1/junit-jupiter-params-5.10.1.jar:/Users/mradulsingh/.m2/repository/org/junit/jupiter/junit-jupiter-engine/5.10.1/junit-jupiter-engine-5.10.1.jar:/Users/mradulsingh/.m2/repository/org/junit/platform/junit-platform-engine/1.10.1/junit-platform-engine-1.10.1.jar:/Users/mradulsingh/.m2/repository/org/mockito/mockito-core/5.7.0/mockito-core-5.7.0.jar:/Users/mradulsingh/.m2/repository/net/bytebuddy/byte-buddy-agent/1.14.10/byte-buddy-agent-1.14.10.jar:/Users/mradulsingh/.m2/repository/org/objenesis/objenesis/3.3/objenesis-3.3.jar:/Users/mradulsingh/.m2/repository/org/mockito/mockito-junit-jupiter/5.7.0/mockito-junit-jupiter-5.7.0.jar:/Users/mradulsingh/.m2/repository/org/skyscreamer/jsonassert/1.5.1/jsonassert-1.5.1.jar:/Users/mradulsingh/.m2/repository/com/vaadin/external/google/android-json/0.0.20131108.vaadin1/android-json-0.0.20131108.vaadin1.jar:/Users/mradulsingh/.m2/repository/org/springframework/spring-core/6.1.2/spring-core-6.1.2.jar:/Users/mradulsingh/.m2/repository/org/springframework/spring-jcl/6.1.2/spring-jcl-6.1.2.jar:/Users/mradulsingh/.m2/repository/org/springframework/spring-test/6.1.2/spring-test-6.1.2.jar:/Users/mradulsingh/.m2/repository/org/xmlunit/xmlunit-core/2.9.1/xmlunit-core-2.9.1.jar:"/>
    <property name="java.vm.vendor" value="Eclipse Adoptium"/>
    <property name="sun.arch.data.model" value="64"/>
    <property name="java.vendor.url" value="https://adoptium.net/"/>
    <property name="user.timezone" value="Asia/Kolkata"/>
    <property name="org.jboss.logging.provider" value="slf4j"/>
    <property name="os.name" value="Mac OS X"/>
    <property name="java.vm.specification.version" value="17"/>
    <property name="sun.java.launcher" value="SUN_STANDARD"/>
    <property name="user.country" value="IN"/>
    <property name="sun.boot.library.path" value="/Library/Java/JavaVirtualMachines/temurin-17.jdk/Contents/Home/lib"/>
    <property name="sun.java.command" value="/Users/mradulsingh/IdeaProjects/Employwise_API/target/surefire/surefirebooter-20231227142235269_3.jar /Users/mradulsingh/IdeaProjects/Employwise_API/target/surefire 2023-12-27T14-22-35_219-jvmRun1 surefire-20231227142235269_1tmp surefire_0-20231227142235269_2tmp"/>
    <property name="http.nonProxyHosts" value="local|*.local|169.254/16|*.169.254/16"/>
    <property name="jdk.debug" value="release"/>
    <property name="surefire.test.class.path" value="/Users/mradulsingh/IdeaProjects/Employwise_API/target/test-classes:/Users/mradulsingh/IdeaProjects/Employwise_API/target/classes:/Users/mradulsingh/.m2/repository/org/springframework/boot/spring-boot-starter-data-mongodb/3.2.1/spring-boot-starter-data-mongodb-3.2.1.jar:/Users/mradulsingh/.m2/repository/org/springframework/boot/spring-boot-starter/3.2.1/spring-boot-starter-3.2.1.jar:/Users/mradulsingh/.m2/repository/org/springframework/boot/spring-boot/3.2.1/spring-boot-3.2.1.jar:/Users/mradulsingh/.m2/repository/org/springframework/boot/spring-boot-autoconfigure/3.2.1/spring-boot-autoconfigure-3.2.1.jar:/Users/mradulsingh/.m2/repository/org/springframework/boot/spring-boot-starter-logging/3.2.1/spring-boot-starter-logging-3.2.1.jar:/Users/mradulsingh/.m2/repository/ch/qos/logback/logback-classic/1.4.14/logback-classic-1.4.14.jar:/Users/mradulsingh/.m2/repository/ch/qos/logback/logback-core/1.4.14/logback-core-1.4.14.jar:/Users/mradulsingh/.m2/repository/org/apache/logging/log4j/log4j-to-slf4j/2.21.1/log4j-to-slf4j-2.21.1.jar:/Users/mradulsingh/.m2/repository/org/apache/logging/log4j/log4j-api/2.21.1/log4j-api-2.21.1.jar:/Users/mradulsingh/.m2/repository/org/slf4j/jul-to-slf4j/2.0.9/jul-to-slf4j-2.0.9.jar:/Users/mradulsingh/.m2/repository/jakarta/annotation/jakarta.annotation-api/2.1.1/jakarta.annotation-api-2.1.1.jar:/Users/mradulsingh/.m2/repository/org/yaml/snakeyaml/2.2/snakeyaml-2.2.jar:/Users/mradulsingh/.m2/repository/org/mongodb/mongodb-driver-sync/4.11.1/mongodb-driver-sync-4.11.1.jar:/Users/mradulsingh/.m2/repository/org/mongodb/bson/4.11.1/bson-4.11.1.jar:/Users/mradulsingh/.m2/repository/org/mongodb/mongodb-driver-core/4.11.1/mongodb-driver-core-4.11.1.jar:/Users/mradulsingh/.m2/repository/org/mongodb/bson-record-codec/4.11.1/bson-record-codec-4.11.1.jar:/Users/mradulsingh/.m2/repository/org/springframework/data/spring-data-mongodb/4.2.1/spring-data-mongodb-4.2.1.jar:/Users/mradulsingh/.m2/repository/org/springframework/spring-tx/6.1.2/spring-tx-6.1.2.jar:/Users/mradulsingh/.m2/repository/org/springframework/spring-context/6.1.2/spring-context-6.1.2.jar:/Users/mradulsingh/.m2/repository/org/springframework/spring-beans/6.1.2/spring-beans-6.1.2.jar:/Users/mradulsingh/.m2/repository/org/springframework/spring-expression/6.1.2/spring-expression-6.1.2.jar:/Users/mradulsingh/.m2/repository/org/springframework/data/spring-data-commons/3.2.1/spring-data-commons-3.2.1.jar:/Users/mradulsingh/.m2/repository/org/slf4j/slf4j-api/2.0.9/slf4j-api-2.0.9.jar:/Users/mradulsingh/.m2/repository/org/springframework/boot/spring-boot-starter-mail/3.2.1/spring-boot-starter-mail-3.2.1.jar:/Users/mradulsingh/.m2/repository/org/springframework/spring-context-support/6.1.2/spring-context-support-6.1.2.jar:/Users/mradulsingh/.m2/repository/org/eclipse/angus/jakarta.mail/2.0.2/jakarta.mail-2.0.2.jar:/Users/mradulsingh/.m2/repository/jakarta/activation/jakarta.activation-api/2.1.2/jakarta.activation-api-2.1.2.jar:/Users/mradulsingh/.m2/repository/org/eclipse/angus/angus-activation/2.0.1/angus-activation-2.0.1.jar:/Users/mradulsingh/.m2/repository/org/springframework/boot/spring-boot-starter-web/3.2.1/spring-boot-starter-web-3.2.1.jar:/Users/mradulsingh/.m2/repository/org/springframework/boot/spring-boot-starter-json/3.2.1/spring-boot-starter-json-3.2.1.jar:/Users/mradulsingh/.m2/repository/com/fasterxml/jackson/core/jackson-databind/2.15.3/jackson-databind-2.15.3.jar:/Users/mradulsingh/.m2/repository/com/fasterxml/jackson/core/jackson-annotations/2.15.3/jackson-annotations-2.15.3.jar:/Users/mradulsingh/.m2/repository/com/fasterxml/jackson/core/jackson-core/2.15.3/jackson-core-2.15.3.jar:/Users/mradulsingh/.m2/repository/com/fasterxml/jackson/datatype/jackson-datatype-jdk8/2.15.3/jackson-datatype-jdk8-2.15.3.jar:/Users/mradulsingh/.m2/repository/com/fasterxml/jackson/datatype/jackson-datatype-jsr310/2.15.3/jackson-datatype-jsr310-2.15.3.jar:/Users/mradulsingh/.m2/repository/com/fasterxml/jackson/module/jackson-module-parameter-names/2.15.3/jackson-module-parameter-names-2.15.3.jar:/Users/mradulsingh/.m2/repository/org/springframework/boot/spring-boot-starter-tomcat/3.2.1/spring-boot-starter-tomcat-3.2.1.jar:/Users/mradulsingh/.m2/repository/org/apache/tomcat/embed/tomcat-embed-core/10.1.17/tomcat-embed-core-10.1.17.jar:/Users/mradulsingh/.m2/repository/org/apache/tomcat/embed/tomcat-embed-el/10.1.17/tomcat-embed-el-10.1.17.jar:/Users/mradulsingh/.m2/repository/org/apache/tomcat/embed/tomcat-embed-websocket/10.1.17/tomcat-embed-websocket-10.1.17.jar:/Users/mradulsingh/.m2/repository/org/springframework/spring-web/6.1.2/spring-web-6.1.2.jar:/Users/mradulsingh/.m2/repository/io/micrometer/micrometer-observation/1.12.1/micrometer-observation-1.12.1.jar:/Users/mradulsingh/.m2/repository/io/micrometer/micrometer-commons/1.12.1/micrometer-commons-1.12.1.jar:/Users/mradulsingh/.m2/repository/org/springframework/spring-webmvc/6.1.2/spring-webmvc-6.1.2.jar:/Users/mradulsingh/.m2/repository/org/springframework/spring-aop/6.1.2/spring-aop-6.1.2.jar:/Users/mradulsingh/.m2/repository/org/hibernate/hibernate-validator/5.2.5.Final/hibernate-validator-5.2.5.Final.jar:/Users/mradulsingh/.m2/repository/javax/validation/validation-api/1.1.0.Final/validation-api-1.1.0.Final.jar:/Users/mradulsingh/.m2/repository/org/jboss/logging/jboss-logging/3.5.3.Final/jboss-logging-3.5.3.Final.jar:/Users/mradulsingh/.m2/repository/com/fasterxml/classmate/1.6.0/classmate-1.6.0.jar:/Users/mradulsingh/.m2/repository/jakarta/validation/jakarta.validation-api/3.0.0/jakarta.validation-api-3.0.0.jar:/Users/mradulsingh/.m2/repository/org/projectlombok/lombok/1.18.30/lombok-1.18.30.jar:/Users/mradulsingh/.m2/repository/org/springframework/boot/spring-boot-starter-test/3.2.1/spring-boot-starter-test-3.2.1.jar:/Users/mradulsingh/.m2/repository/org/springframework/boot/spring-boot-test/3.2.1/spring-boot-test-3.2.1.jar:/Users/mradulsingh/.m2/repository/org/springframework/boot/spring-boot-test-autoconfigure/3.2.1/spring-boot-test-autoconfigure-3.2.1.jar:/Users/mradulsingh/.m2/repository/com/jayway/jsonpath/json-path/2.8.0/json-path-2.8.0.jar:/Users/mradulsingh/.m2/repository/jakarta/xml/bind/jakarta.xml.bind-api/4.0.1/jakarta.xml.bind-api-4.0.1.jar:/Users/mradulsingh/.m2/repository/net/minidev/json-smart/2.5.0/json-smart-2.5.0.jar:/Users/mradulsingh/.m2/repository/net/minidev/accessors-smart/2.5.0/accessors-smart-2.5.0.jar:/Users/mradulsingh/.m2/repository/org/ow2/asm/asm/9.3/asm-9.3.jar:/Users/mradulsingh/.m2/repository/org/assertj/assertj-core/3.24.2/assertj-core-3.24.2.jar:/Users/mradulsingh/.m2/repository/net/bytebuddy/byte-buddy/1.14.10/byte-buddy-1.14.10.jar:/Users/mradulsingh/.m2/repository/org/awaitility/awaitility/4.2.0/awaitility-4.2.0.jar:/Users/mradulsingh/.m2/repository/org/hamcrest/hamcrest/2.2/hamcrest-2.2.jar:/Users/mradulsingh/.m2/repository/org/junit/jupiter/junit-jupiter/5.10.1/junit-jupiter-5.10.1.jar:/Users/mradulsingh/.m2/repository/org/junit/jupiter/junit-jupiter-api/5.10.1/junit-jupiter-api-5.10.1.jar:/Users/mradulsingh/.m2/repository/org/opentest4j/opentest4j/1.3.0/opentest4j-1.3.0.jar:/Users/mradulsingh/.m2/repository/org/junit/platform/junit-platform-commons/1.10.1/junit-platform-commons-1.10.1.jar:/Users/mradulsingh/.m2/repository/org/apiguardian/apiguardian-api/1.1.2/apiguardian-api-1.1.2.jar:/Users/mradulsingh/.m2/repository/org/junit/jupiter/junit-jupiter-params/5.10.1/junit-jupiter-params-5.10.1.jar:/Users/mradulsingh/.m2/repository/org/junit/jupiter/junit-jupiter-engine/5.10.1/junit-jupiter-engine-5.10.1.jar:/Users/mradulsingh/.m2/repository/org/junit/platform/junit-platform-engine/1.10.1/junit-platform-engine-1.10.1.jar:/Users/mradulsingh/.m2/repository/org/mockito/mockito-core/5.7.0/mockito-core-5.7.0.jar:/Users/mradulsingh/.m2/repository/net/bytebuddy/byte-buddy-agent/1.14.10/byte-buddy-agent-1.14.10.jar:/Users/mradulsingh/.m2/repository/org/objenesis/objenesis/3.3/objenesis-3.3.jar:/Users/mradulsingh/.m2/repository/org/mockito/mockito-junit-jupiter/5.7.0/mockito-junit-jupiter-5.7.0.jar:/Users/mradulsingh/.m2/repository/org/skyscreamer/jsonassert/1.5.1/jsonassert-1.5.1.jar:/Users/mradulsingh/.m2/repository/com/vaadin/external/google/android-json/0.0.20131108.vaadin1/android-json-0.0.20131108.vaadin1.jar:/Users/mradulsingh/.m2/repository/org/springframework/spring-core/6.1.2/spring-core-6.1.2.jar:/Users/mradulsingh/.m2/repository/org/springframework/spring-jcl/6.1.2/spring-jcl-6.1.2.jar:/Users/mradulsingh/.m2/repository/org/springframework/spring-test/6.1.2/spring-test-6.1.2.jar:/Users/mradulsingh/.m2/repository/org/xmlunit/xmlunit-core/2.9.1/xmlunit-core-2.9.1.jar:"/>
    <property name="sun.cpu.endian" value="little"/>
    <property name="user.home" value="/Users/mradulsingh"/>
    <property name="user.language" value="en"/>
    <property name="java.specification.vendor" value="Oracle Corporation"/>
    <property name="java.version.date" value="2022-08-12"/>
    <property name="java.home" value="/Library/Java/JavaVirtualMachines/temurin-17.jdk/Contents/Home"/>
    <property name="file.separator" value="/"/>
    <property name="basedir" value="/Users/mradulsingh/IdeaProjects/Employwise_API"/>
    <property name="java.vm.compressedOopsMode" value="Zero based"/>
    <property name="line.separator" value="&#10;"/>
    <property name="java.vm.specification.vendor" value="Oracle Corporation"/>
    <property name="java.specification.name" value="Java Platform API Specification"/>
    <property name="FILE_LOG_CHARSET" value="UTF-8"/>
    <property name="java.awt.headless" value="true"/>
    <property name="surefire.real.class.path" value="/Users/mradulsingh/IdeaProjects/Employwise_API/target/surefire/surefirebooter-20231227142235269_3.jar"/>
    <property name="sun.management.compiler" value="HotSpot 64-Bit Tiered Compilers"/>
    <property name="ftp.nonProxyHosts" value="local|*.local|169.254/16|*.169.254/16"/>
    <property name="java.runtime.version" value="17.0.4.1+1"/>
    <property name="user.name" value="mradulsingh"/>
    <property name="path.separator" value=":"/>
    <property name="os.version" value="14.3"/>
    <property name="java.runtime.name" value="OpenJDK Runtime Environment"/>
    <property name="file.encoding" value="UTF-8"/>
    <property name="java.vm.name" value="OpenJDK 64-Bit Server VM"/>
    <property name="java.vendor.version" value="Temurin-17.0.4.1+1"/>
    <property name="localRepository" value="/Users/mradulsingh/.m2/repository"/>
    <property name="java.vendor.url.bug" value="https://github.com/adoptium/adoptium-support/issues"/>
    <property name="java.io.tmpdir" value="/var/folders/cy/6h9y1_k54mqgfzbv73h5qzmr0000gn/T/"/>
    <property name="java.version" value="17.0.4.1"/>
    <property name="user.dir" value="/Users/mradulsingh/IdeaProjects/Employwise_API"/>
    <property name="os.arch" value="aarch64"/>
    <property name="java.vm.specification.name" value="Java Virtual Machine Specification"/>
    <property name="PID" value="64112"/>
    <property name="CONSOLE_LOG_CHARSET" value="UTF-8"/>
    <property name="native.encoding" value="UTF-8"/>
    <property name="java.library.path" value="/Users/mradulsingh/Library/Java/Extensions:/Library/Java/Extensions:/Network/Library/Java/Extensions:/System/Library/Java/Extensions:/usr/lib/java:."/>
    <property name="java.vm.info" value="mixed mode"/>
    <property name="java.vendor" value="Eclipse Adoptium"/>
    <property name="java.vm.version" value="17.0.4.1+1"/>
    <property name="sun.io.unicode.encoding" value="UnicodeBig"/>
    <property name="socksNonProxyHosts" value="local|*.local|169.254/16|*.169.254/16"/>
    <property name="java.class.version" value="61.0"/>
  </properties>
  <testcase name="contextLoads" classname="com.assesment.employwise_api.EmploywiseApiApplicationTests" time="0.429">
    <system-out><![CDATA[14:22:35.633 [main] INFO org.springframework.test.context.support.AnnotationConfigContextLoaderUtils -- Could not detect default configuration classes for test class [com.assesment.employwise_api.EmploywiseApiApplicationTests]: EmploywiseApiApplicationTests does not declare any static, non-private, non-final, nested classes annotated with @Configuration.
14:22:35.678 [main] INFO org.springframework.boot.test.context.SpringBootTestContextBootstrapper -- Found @SpringBootConfiguration com.assesment.employwise_api.EmploywiseApiApplication for test class com.assesment.employwise_api.EmploywiseApiApplicationTests

  .   ____          _            __ _ _
 /\\ / ___'_ __ _ _(_)_ __  __ _ \ \ \ \
( ( )\___ | '_ | '_| | '_ \/ _` | \ \ \ \
 \\/  ___)| |_)| | | | | || (_| |  ) ) ) )
  '  |____| .__|_| |_|_| |_\__, | / / / /
 =========|_|==============|___/=/_/_/_/
 :: Spring Boot ::                (v3.2.1)

2023-12-27T14:22:35.869+05:30  INFO 64112 --- [           main] c.a.e.EmploywiseApiApplicationTests      : Starting EmploywiseApiApplicationTests using Java 17.0.4.1 with PID 64112 (started by mradulsingh in /Users/mradulsingh/IdeaProjects/Employwise_API)
2023-12-27T14:22:35.870+05:30  INFO 64112 --- [           main] c.a.e.EmploywiseApiApplicationTests      : No active profile set, falling back to 1 default profile: "default"
2023-12-27T14:22:36.137+05:30  INFO 64112 --- [           main] .s.d.r.c.RepositoryConfigurationDelegate : Bootstrapping Spring Data MongoDB repositories in DEFAULT mode.
2023-12-27T14:22:36.160+05:30  INFO 64112 --- [           main] .s.d.r.c.RepositoryConfigurationDelegate : Finished Spring Data repository scanning in 20 ms. Found 1 MongoDB repository interface.
2023-12-27T14:22:36.473+05:30  INFO 64112 --- [           main] org.mongodb.driver.client                : MongoClient with metadata {"driver": {"name": "mongo-java-driver|sync|spring-boot", "version": "4.11.1"}, "os": {"type": "Darwin", "name": "Mac OS X", "architecture": "aarch64", "version": "14.3"}, "platform": "Java/Eclipse Adoptium/17.0.4.1+1"} created with settings MongoClientSettings{readPreference=primary, writeConcern=WriteConcern{w=null, wTimeout=null ms, journal=null}, retryWrites=true, retryReads=true, readConcern=ReadConcern{level=null}, credential=MongoCredential{mechanism=null, userName='mradulsingh', source='admin', password=<hidden>, mechanismProperties=<hidden>}, transportSettings=null, streamFactoryFactory=null, commandListeners=[], codecRegistry=ProvidersCodecRegistry{codecProviders=[ValueCodecProvider{}, BsonValueCodecProvider{}, DBRefCodecProvider{}, DBObjectCodecProvider{}, DocumentCodecProvider{}, CollectionCodecProvider{}, IterableCodecProvider{}, MapCodecProvider{}, GeoJsonCodecProvider{}, GridFSFileCodecProvider{}, Jsr310CodecProvider{}, JsonObjectCodecProvider{}, BsonCodecProvider{}, EnumCodecProvider{}, com.mongodb.client.model.mql.ExpressionCodecProvider@27f3f512, com.mongodb.Jep395RecordCodecProvider@5e593b08, com.mongodb.KotlinCodecProvider@3946075]}, loggerSettings=LoggerSettings{maxDocumentLength=1000}, clusterSettings={hosts=[127.0.0.1:27017], srvHost=cluster1.t8prj2e.mongodb.net, srvServiceName=mongodb, mode=MULTIPLE, requiredClusterType=REPLICA_SET, requiredReplicaSetName='atlas-6man22-shard-0', serverSelector='null', clusterListeners='[]', serverSelectionTimeout='30000 ms', localThreshold='15 ms'}, socketSettings=SocketSettings{connectTimeoutMS=10000, readTimeoutMS=0, receiveBufferSize=0, proxySettings=ProxySettings{host=null, port=null, username=null, password=null}}, heartbeatSocketSettings=SocketSettings{connectTimeoutMS=10000, readTimeoutMS=10000, receiveBufferSize=0, proxySettings=ProxySettings{host=null, port=null, username=null, password=null}}, connectionPoolSettings=ConnectionPoolSettings{maxSize=100, minSize=0, maxWaitTimeMS=120000, maxConnectionLifeTimeMS=0, maxConnectionIdleTimeMS=0, maintenanceInitialDelayMS=0, maintenanceFrequencyMS=60000, connectionPoolListeners=[], maxConnecting=2}, serverSettings=ServerSettings{heartbeatFrequencyMS=10000, minHeartbeatFrequencyMS=500, serverListeners='[]', serverMonitorListeners='[]'}, sslSettings=SslSettings{enabled=true, invalidHostNameAllowed=false, context=null}, applicationName='null', compressorList=[], uuidRepresentation=JAVA_LEGACY, serverApi=null, autoEncryptionSettings=null, dnsClient=null, inetAddressResolver=null, contextProvider=null}
2023-12-27T14:22:36.538+05:30  WARN 64112 --- [           main] o.s.c.annotation.AnnotationTypeMapping   : Support for convention-based annotation attribute overrides is deprecated and will be removed in Spring Framework 6.2. Please annotate the following attributes in @org.hibernate.validator.constraints.Email with appropriate @AliasFor declarations: [regexp, payload, flags, groups, message]
2023-12-27T14:22:36.612+05:30  INFO 64112 --- [j2e.mongodb.net] org.mongodb.driver.cluster               : Adding discovered server ac-8tsoqx4-shard-00-00.t8prj2e.mongodb.net:27017 to client view of cluster
2023-12-27T14:22:36.631+05:30  INFO 64112 --- [j2e.mongodb.net] org.mongodb.driver.cluster               : Adding discovered server ac-8tsoqx4-shard-00-01.t8prj2e.mongodb.net:27017 to client view of cluster
2023-12-27T14:22:36.632+05:30  INFO 64112 --- [j2e.mongodb.net] org.mongodb.driver.cluster               : Adding discovered server ac-8tsoqx4-shard-00-02.t8prj2e.mongodb.net:27017 to client view of cluster
2023-12-27T14:22:36.821+05:30  INFO 64112 --- [           main] c.a.e.EmploywiseApiApplicationTests      : Started EmploywiseApiApplicationTests in 1.081 seconds (process running for 1.508)
2023-12-27T14:22:36.956+05:30  INFO 64112 --- [ngodb.net:27017] org.mongodb.driver.cluster               : Monitor thread successfully connected to server with description ServerDescription{address=ac-8tsoqx4-shard-00-01.t8prj2e.mongodb.net:27017, type=REPLICA_SET_SECONDARY, state=CONNECTED, ok=true, minWireVersion=0, maxWireVersion=17, maxDocumentSize=16777216, logicalSessionTimeoutMinutes=30, roundTripTimeNanos=175475083, setName='atlas-6man22-shard-0', canonicalAddress=ac-8tsoqx4-shard-00-01.t8prj2e.mongodb.net:27017, hosts=[ac-8tsoqx4-shard-00-02.t8prj2e.mongodb.net:27017, ac-8tsoqx4-shard-00-00.t8prj2e.mongodb.net:27017, ac-8tsoqx4-shard-00-01.t8prj2e.mongodb.net:27017], passives=[], arbiters=[], primary='ac-8tsoqx4-shard-00-02.t8prj2e.mongodb.net:27017', tagSet=TagSet{[Tag{name='availabilityZone', value='aps1-az3'}, Tag{name='nodeType', value='ELECTABLE'}, Tag{name='provider', value='AWS'}, Tag{name='region', value='AP_SOUTH_1'}, Tag{name='workloadType', value='OPERATIONAL'}]}, electionId=null, setVersion=7, topologyVersion=TopologyVersion{processId=65894e97d6f49ab544169f7c, counter=3}, lastWriteDate=Wed Dec 27 14:22:36 IST 2023, lastUpdateTimeNanos=382916632718625}
2023-12-27T14:22:36.956+05:30  INFO 64112 --- [ngodb.net:27017] org.mongodb.driver.cluster               : Monitor thread successfully connected to server with description ServerDescription{address=ac-8tsoqx4-shard-00-00.t8prj2e.mongodb.net:27017, type=REPLICA_SET_SECONDARY, state=CONNECTED, ok=true, minWireVersion=0, maxWireVersion=17, maxDocumentSize=16777216, logicalSessionTimeoutMinutes=30, roundTripTimeNanos=176487458, setName='atlas-6man22-shard-0', canonicalAddress=ac-8tsoqx4-shard-00-00.t8prj2e.mongodb.net:27017, hosts=[ac-8tsoqx4-shard-00-02.t8prj2e.mongodb.net:27017, ac-8tsoqx4-shard-00-00.t8prj2e.mongodb.net:27017, ac-8tsoqx4-shard-00-01.t8prj2e.mongodb.net:27017], passives=[], arbiters=[], primary='ac-8tsoqx4-shard-00-02.t8prj2e.mongodb.net:27017', tagSet=TagSet{[Tag{name='availabilityZone', value='aps1-az1'}, Tag{name='nodeType', value='ELECTABLE'}, Tag{name='provider', value='AWS'}, Tag{name='region', value='AP_SOUTH_1'}, Tag{name='workloadType', value='OPERATIONAL'}]}, electionId=null, setVersion=7, topologyVersion=TopologyVersion{processId=65894bbc5ac2f119079e53c1, counter=4}, lastWriteDate=Wed Dec 27 14:22:36 IST 2023, lastUpdateTimeNanos=382916632703541}
2023-12-27T14:22:36.965+05:30  INFO 64112 --- [ngodb.net:27017] org.mongodb.driver.cluster               : Monitor thread successfully connected to server with description ServerDescription{address=ac-8tsoqx4-shard-00-02.t8prj2e.mongodb.net:27017, type=REPLICA_SET_PRIMARY, state=CONNECTED, ok=true, minWireVersion=0, maxWireVersion=17, maxDocumentSize=16777216, logicalSessionTimeoutMinutes=30, roundTripTimeNanos=111121208, setName='atlas-6man22-shard-0', canonicalAddress=ac-8tsoqx4-shard-00-02.t8prj2e.mongodb.net:27017, hosts=[ac-8tsoqx4-shard-00-02.t8prj2e.mongodb.net:27017, ac-8tsoqx4-shard-00-00.t8prj2e.mongodb.net:27017, ac-8tsoqx4-shard-00-01.t8prj2e.mongodb.net:27017], passives=[], arbiters=[], primary='ac-8tsoqx4-shard-00-02.t8prj2e.mongodb.net:27017', tagSet=TagSet{[Tag{name='availabilityZone', value='aps1-az2'}, Tag{name='nodeType', value='ELECTABLE'}, Tag{name='provider', value='AWS'}, Tag{name='region', value='AP_SOUTH_1'}, Tag{name='workloadType', value='OPERATIONAL'}]}, electionId=7fffffff0000000000000180, setVersion=7, topologyVersion=TopologyVersion{processId=65894d42501b63902fdffbf9, counter=6}, lastWriteDate=Wed Dec 27 14:22:36 IST 2023, lastUpdateTimeNanos=382916642942416}
2023-12-27T14:22:36.966+05:30  INFO 64112 --- [ngodb.net:27017] org.mongodb.driver.cluster               : Discovered replica set primary ac-8tsoqx4-shard-00-02.t8prj2e.mongodb.net:27017 with max election id 7fffffff0000000000000180 and max set version 7
]]></system-out>
  </testcase>
</testsuite>